Started GET "/" for ::1 at 2020-10-08 16:36:51 -0700
DEPRECATION WARNING: ActiveRecord::Base.raise_in_transactional_callbacks= is deprecated, has no effect and will be removed without replacement. (called from block (3 levels) in <class:Railtie> at /Users/carlosgarciajr/.rbenv/versions/2.5.1/lib/ruby/gems/2.5.0/gems/activerecord-5.0.7.2/lib/active_record/railtie.rb:113)
Processing by StaticPagesController#index as HTML
  Rendering static_pages/index.html.erb within layouts/application
  Rendered shared/_main_nav.html.erb (0.3ms)
  Rendered shared/_masthead.html.erb (0.2ms)
  Rendered shared/_sections_nav.html.erb (0.2ms)
  Rendered shared/_search_modal.html.erb (0.2ms)
  Rendered shared/_main_content.html.erb (0.2ms)
  Rendered static_pages/index.html.erb within layouts/application (15.2ms)
Completed 200 OK in 362ms (Views: 358.9ms | ActiveRecord: 0.0ms)


Started GET "/assets/application.self-5e5b219656abf8c4e83f7dfd5e5f4f415d8fe2348d16620303a4ed96d1b5a144.css?body=1" for ::1 at 2020-10-08 16:36:52 -0700
Started GET "/" for ::1 at 2020-10-08 16:36:53 -0700
Processing by StaticPagesController#index as HTML
  Rendering static_pages/index.html.erb within layouts/application
  Rendered shared/_main_nav.html.erb (0.2ms)
  Rendered shared/_masthead.html.erb (0.2ms)
  Rendered shared/_sections_nav.html.erb (0.2ms)
  Rendered shared/_search_modal.html.erb (0.2ms)
  Rendered shared/_main_content.html.erb (0.1ms)
  Rendered static_pages/index.html.erb within layouts/application (13.2ms)
Completed 200 OK in 29ms (Views: 26.9ms | ActiveRecord: 0.0ms)


Started GET "/" for ::1 at 2020-10-08 16:37:17 -0700
Processing by StaticPagesController#index as HTML
  Rendering static_pages/index.html.erb within layouts/application
  Rendered shared/_main_nav.html.erb (0.2ms)
  Rendered shared/_masthead.html.erb (0.2ms)
  Rendered shared/_sections_nav.html.erb (0.2ms)
  Rendered shared/_search_modal.html.erb (0.2ms)
  Rendered shared/_main_content.html.erb (0.2ms)
  Rendered static_pages/index.html.erb within layouts/application (14.6ms)
Completed 200 OK in 35ms (Views: 31.8ms | ActiveRecord: 0.0ms)


Started GET "/" for ::1 at 2020-10-08 16:37:20 -0700
Processing by StaticPagesController#index as HTML
  Rendering static_pages/index.html.erb within layouts/application
  Rendered shared/_main_nav.html.erb (0.2ms)
  Rendered shared/_masthead.html.erb (0.2ms)
  Rendered shared/_sections_nav.html.erb (0.2ms)
  Rendered shared/_search_modal.html.erb (0.2ms)
  Rendered shared/_main_content.html.erb (0.2ms)
  Rendered static_pages/index.html.erb within layouts/application (12.8ms)
Completed 200 OK in 30ms (Views: 27.7ms | ActiveRecord: 0.0ms)


Started GET "/" for ::1 at 2020-10-09 09:59:50 -0700
DEPRECATION WARNING: ActiveRecord::Base.raise_in_transactional_callbacks= is deprecated, has no effect and will be removed without replacement. (called from block (3 levels) in <class:Railtie> at /Users/carlosgarciajr/.rbenv/versions/2.5.1/lib/ruby/gems/2.5.0/gems/activerecord-5.0.7.2/lib/active_record/railtie.rb:113)
Processing by StaticPagesController#index as HTML
  Rendering static_pages/index.html.erb within layouts/application
  Rendered shared/_main_nav.html.erb (0.3ms)
  Rendered shared/_masthead.html.erb (0.2ms)
  Rendered shared/_sections_nav.html.erb (0.2ms)
  Rendered shared/_search_modal.html.erb (0.2ms)
  Rendered shared/_main_content.html.erb (0.2ms)
  Rendered static_pages/index.html.erb within layouts/application (15.4ms)
Completed 200 OK in 353ms (Views: 350.1ms | ActiveRecord: 0.0ms)


Started GET "/assets/application.self-7aae4f884d21c0f895d0e25909b4a3857ca3f7bdd4412baf28bf32a8b1f558b1.css?body=1" for ::1 at 2020-10-09 09:59:51 -0700
Started GET "/" for ::1 at 2020-10-09 10:00:16 -0700
Processing by StaticPagesController#index as HTML
  Rendering static_pages/index.html.erb within layouts/application
  Rendered shared/_main_nav.html.erb (0.2ms)
  Rendered shared/_masthead.html.erb (0.2ms)
  Rendered shared/_sections_nav.html.erb (0.1ms)
  Rendered shared/_search_modal.html.erb (0.2ms)
  Rendered shared/_main_content.html.erb (0.4ms)
  Rendered static_pages/index.html.erb within layouts/application (12.9ms)
Completed 200 OK in 34ms (Views: 30.5ms | ActiveRecord: 0.0ms)


Started GET "/assets/new_office.jpg" for ::1 at 2020-10-09 10:00:16 -0700
Started GET "/" for ::1 at 2020-10-09 10:03:51 -0700
Processing by StaticPagesController#index as HTML
  Rendering static_pages/index.html.erb within layouts/application
  Rendered shared/_main_nav.html.erb (0.2ms)
  Rendered shared/_masthead.html.erb (0.2ms)
  Rendered shared/_sections_nav.html.erb (0.3ms)
  Rendered shared/_search_modal.html.erb (0.2ms)
  Rendered shared/_main_content.html.erb (0.3ms)
  Rendered static_pages/index.html.erb within layouts/application (13.1ms)
Completed 200 OK in 109ms (Views: 104.9ms | ActiveRecord: 0.0ms)


Started GET "/assets/application.self-e229079662ba64eec2df88cc9898f07a6b5005419aa37c928d3d684a6d58d3e4.css?body=1" for ::1 at 2020-10-09 10:03:51 -0700
Started GET "/assets/new_office.jpg" for ::1 at 2020-10-09 10:03:51 -0700
Started GET "/" for ::1 at 2020-10-12 13:48:14 -0700
DEPRECATION WARNING: ActiveRecord::Base.raise_in_transactional_callbacks= is deprecated, has no effect and will be removed without replacement. (called from block (3 levels) in <class:Railtie> at /Users/carlosgarciajr/.rbenv/versions/2.5.1/lib/ruby/gems/2.5.0/gems/activerecord-5.0.7.2/lib/active_record/railtie.rb:113)
Processing by StaticPagesController#index as HTML
  Rendering static_pages/index.html.erb within layouts/application
  Rendered shared/_main_nav.html.erb (0.2ms)
  Rendered shared/_masthead.html.erb (0.1ms)
  Rendered shared/_sections_nav.html.erb (0.1ms)
  Rendered shared/_search_modal.html.erb (0.2ms)
  Rendered shared/_main_content.html.erb (0.3ms)
  Rendered static_pages/index.html.erb within layouts/application (14.5ms)
Completed 500 Internal Server Error in 194ms (ActiveRecord: 0.0ms)



Sass::SyntaxError - File to import not found or unreadable: base/grid.scss.
Load paths:
  /Users/carlosgarciajr/Documents/programming/app_academy_work/curriculum/html-css/projects/aa_times/skeleton/app/assets/images
  /Users/carlosgarciajr/Documents/programming/app_academy_work/curriculum/html-css/projects/aa_times/skeleton/app/assets/javascripts
  /Users/carlosgarciajr/Documents/programming/app_academy_work/curriculum/html-css/projects/aa_times/skeleton/app/assets/stylesheets
  /Users/carlosgarciajr/Documents/programming/app_academy_work/curriculum/html-css/projects/aa_times/skeleton/vendor/assets/javascripts
  /Users/carlosgarciajr/Documents/programming/app_academy_work/curriculum/html-css/projects/aa_times/skeleton/vendor/assets/stylesheets
  /Users/carlosgarciajr/.rbenv/versions/2.5.1/lib/ruby/gems/2.5.0/gems/jquery-rails-4.4.0/vendor/assets/javascripts
  /Users/carlosgarciajr/.rbenv/versions/2.5.1/lib/ruby/gems/2.5.0/gems/coffee-rails-4.2.2/lib/assets/javascripts
  /Users/carlosgarciajr/.rbenv/versions/2.5.1/lib/ruby/gems/2.5.0/gems/actioncable-5.0.7.2/lib/assets/compiled:
  app/views/layouts/application.html.erb:7:in `_app_views_layouts_application_html_erb___270333905406359367_70279989431840'

Started POST "/__better_errors/927a171e4587d656/variables" for ::1 at 2020-10-12 13:48:14 -0700
Started GET "/" for ::1 at 2020-10-12 13:48:41 -0700
Processing by StaticPagesController#index as HTML
  Rendering static_pages/index.html.erb within layouts/application
  Rendered shared/_main_nav.html.erb (0.2ms)
  Rendered shared/_masthead.html.erb (0.1ms)
  Rendered shared/_sections_nav.html.erb (0.3ms)
  Rendered shared/_search_modal.html.erb (0.3ms)
  Rendered shared/_main_content.html.erb (0.2ms)
  Rendered static_pages/index.html.erb within layouts/application (12.8ms)
Completed 200 OK in 110ms (Views: 107.4ms | ActiveRecord: 0.0ms)


Started GET "/assets/application.self-1237ad35a9ee79bd64030d4638d1fd80f6734c490eb538e0dd01d7af3c16bf40.css?body=1" for ::1 at 2020-10-12 13:48:41 -0700
Started GET "/" for ::1 at 2020-10-12 13:48:43 -0700
Processing by StaticPagesController#index as HTML
  Rendering static_pages/index.html.erb within layouts/application
  Rendered shared/_main_nav.html.erb (0.2ms)
  Rendered shared/_masthead.html.erb (0.2ms)
  Rendered shared/_sections_nav.html.erb (0.2ms)
  Rendered shared/_search_modal.html.erb (0.2ms)
  Rendered shared/_main_content.html.erb (0.2ms)
  Rendered static_pages/index.html.erb within layouts/application (13.1ms)
Completed 200 OK in 33ms (Views: 29.9ms | ActiveRecord: 0.0ms)


Started GET "/" for ::1 at 2020-10-12 13:55:52 -0700
DEPRECATION WARNING: ActiveRecord::Base.raise_in_transactional_callbacks= is deprecated, has no effect and will be removed without replacement. (called from block (3 levels) in <class:Railtie> at /Users/carlosgarciajr/.rbenv/versions/2.5.1/lib/ruby/gems/2.5.0/gems/activerecord-5.0.7.2/lib/active_record/railtie.rb:113)
Processing by StaticPagesController#index as HTML
  Rendering static_pages/index.html.erb within layouts/application
  Rendered shared/_main_nav.html.erb (0.2ms)
  Rendered shared/_masthead.html.erb (0.1ms)
  Rendered shared/_sections_nav.html.erb (0.3ms)
  Rendered shared/_search_modal.html.erb (0.2ms)
  Rendered shared/_main_content.html.erb (0.3ms)
  Rendered static_pages/index.html.erb within layouts/application (14.6ms)
Completed 200 OK in 257ms (Views: 254.8ms | ActiveRecord: 0.0ms)


Started GET "/assets/application.self-758afe40c177e32f890a8b8e23f11571b5d1785af915c0789bd6a19191afc6ab.css?body=1" for ::1 at 2020-10-12 13:55:52 -0700
Started GET "/assets/new_office.jpg" for ::1 at 2020-10-12 13:55:52 -0700
Started GET "/" for ::1 at 2020-10-12 13:56:32 -0700
Processing by StaticPagesController#index as HTML
  Rendering static_pages/index.html.erb within layouts/application
  Rendered shared/_main_nav.html.erb (0.1ms)
  Rendered shared/_masthead.html.erb (0.2ms)
  Rendered shared/_sections_nav.html.erb (0.1ms)
  Rendered shared/_search_modal.html.erb (0.3ms)
  Rendered shared/_main_content.html.erb (0.3ms)
  Rendered static_pages/index.html.erb within layouts/application (12.3ms)
Completed 200 OK in 75ms (Views: 72.8ms | ActiveRecord: 0.0ms)


Started GET "/assets/application.self-e229079662ba64eec2df88cc9898f07a6b5005419aa37c928d3d684a6d58d3e4.css?body=1" for ::1 at 2020-10-12 13:56:32 -0700
Started GET "/assets/new_office.jpg" for ::1 at 2020-10-12 13:56:32 -0700
Started GET "/" for ::1 at 2020-10-12 13:56:33 -0700
Processing by StaticPagesController#index as HTML
  Rendering static_pages/index.html.erb within layouts/application
  Rendered shared/_main_nav.html.erb (0.2ms)
  Rendered shared/_masthead.html.erb (0.2ms)
  Rendered shared/_sections_nav.html.erb (0.2ms)
  Rendered shared/_search_modal.html.erb (0.2ms)
  Rendered shared/_main_content.html.erb (0.2ms)
  Rendered static_pages/index.html.erb within layouts/application (12.9ms)
Completed 200 OK in 34ms (Views: 31.3ms | ActiveRecord: 0.0ms)


Started GET "/assets/new_office.jpg" for ::1 at 2020-10-12 13:56:33 -0700
Started GET "/" for ::1 at 2020-10-12 13:57:15 -0700
Processing by StaticPagesController#index as HTML
  Rendering static_pages/index.html.erb within layouts/application
  Rendered shared/_main_nav.html.erb (0.2ms)
  Rendered shared/_masthead.html.erb (0.2ms)
  Rendered shared/_sections_nav.html.erb (0.2ms)
  Rendered shared/_search_modal.html.erb (0.2ms)
  Rendered shared/_main_content.html.erb (0.3ms)
  Rendered static_pages/index.html.erb within layouts/application (12.6ms)
Completed 200 OK in 92ms (Views: 88.2ms | ActiveRecord: 0.0ms)


Started GET "/assets/application.self-7aae4f884d21c0f895d0e25909b4a3857ca3f7bdd4412baf28bf32a8b1f558b1.css?body=1" for ::1 at 2020-10-12 13:57:15 -0700
Started GET "/assets/new_office.jpg" for ::1 at 2020-10-12 13:57:15 -0700
Started GET "/" for ::1 at 2021-08-19 13:42:43 -0700
DEPRECATION WARNING: ActiveRecord::Base.raise_in_transactional_callbacks= is deprecated, has no effect and will be removed without replacement. (called from block (3 levels) in <class:Railtie> at /Users/mike/.rbenv/versions/2.5.1/lib/ruby/gems/2.5.0/gems/activerecord-5.0.7.2/lib/active_record/railtie.rb:113)
Processing by StaticPagesController#index as HTML
  Rendering static_pages/index.html.erb within layouts/application
  Rendered shared/_main_nav.html.erb (0.4ms)
  Rendered shared/_masthead.html.erb (0.3ms)
  Rendered shared/_sections_nav.html.erb (0.3ms)
  Rendered shared/_search_modal.html.erb (0.2ms)
  Rendered shared/_main_content.html.erb (0.2ms)
  Rendered static_pages/index.html.erb within layouts/application (24.3ms)
Completed 200 OK in 538ms (Views: 533.1ms | ActiveRecord: 0.0ms)


Started GET "/assets/application.self-265fb9145130df055006f91dff360d1c40e7b26cb984604f96626211dda54081.css?body=1" for ::1 at 2021-08-19 13:42:44 -0700
Started GET "/assets/jquery.self-bd7ddd393353a8d2480a622e80342adf488fb6006d667e8b42e4c0073393abee.js?body=1" for ::1 at 2021-08-19 13:42:44 -0700
Started GET "/assets/jquery_ujs.self-784a997f6726036b1993eb2217c9cb558e1cbb801c6da88105588c56f13b466a.js?body=1" for ::1 at 2021-08-19 13:42:44 -0700
Started GET "/assets/components/sidebar.self-2a1277f850a6fa21e1a974ef5152f177ac05516477d5081d593bb137b3d6808b.js?body=1" for ::1 at 2021-08-19 13:42:44 -0700
Started GET "/assets/application.self-f571b9db02bf4ed04c38a6a29072ac382f7d4f47db1fab9817aeadb0d8665235.js?body=1" for ::1 at 2021-08-19 13:42:44 -0700
Started GET "/assets/components/modal.self-52188644dbb47def5ee35ae02e69eb567ca9b664472357a8a5789dd39032a265.js?body=1" for ::1 at 2021-08-19 13:42:44 -0700
Started GET "/assets/application.self-265fb9145130df055006f91dff360d1c40e7b26cb984604f96626211dda54081.css?body=1&livereload=1629406369189" for ::1 at 2021-08-19 13:52:49 -0700
Started GET "/assets/application.self-265fb9145130df055006f91dff360d1c40e7b26cb984604f96626211dda54081.css?body=1&livereload=1629406369193" for ::1 at 2021-08-19 13:52:49 -0700
Started GET "/assets/application.self-265fb9145130df055006f91dff360d1c40e7b26cb984604f96626211dda54081.css?body=1&livereload=1629406373124" for ::1 at 2021-08-19 13:52:53 -0700
Started GET "/assets/application.self-265fb9145130df055006f91dff360d1c40e7b26cb984604f96626211dda54081.css?body=1&livereload=1629406373128" for ::1 at 2021-08-19 13:52:53 -0700
Started GET "/assets/application.self-265fb9145130df055006f91dff360d1c40e7b26cb984604f96626211dda54081.css?body=1&livereload=1629406376220" for ::1 at 2021-08-19 13:52:56 -0700
Started GET "/assets/application.self-265fb9145130df055006f91dff360d1c40e7b26cb984604f96626211dda54081.css?body=1&livereload=1629406376224" for ::1 at 2021-08-19 13:52:56 -0700
Started GET "/assets/application.self-265fb9145130df055006f91dff360d1c40e7b26cb984604f96626211dda54081.css?body=1&livereload=1629406379210" for ::1 at 2021-08-19 13:52:59 -0700
Started GET "/assets/application.self-265fb9145130df055006f91dff360d1c40e7b26cb984604f96626211dda54081.css?body=1&livereload=1629406379211" for ::1 at 2021-08-19 13:52:59 -0700
Started GET "/assets/application.self-265fb9145130df055006f91dff360d1c40e7b26cb984604f96626211dda54081.css?body=1&livereload=1629406390217" for ::1 at 2021-08-19 13:53:10 -0700
Started GET "/assets/application.self-265fb9145130df055006f91dff360d1c40e7b26cb984604f96626211dda54081.css?body=1&livereload=1629406390219" for ::1 at 2021-08-19 13:53:10 -0700
Started GET "/assets/application.self-265fb9145130df055006f91dff360d1c40e7b26cb984604f96626211dda54081.css?body=1&livereload=1629406417299" for ::1 at 2021-08-19 13:53:37 -0700
Started GET "/assets/application.self-265fb9145130df055006f91dff360d1c40e7b26cb984604f96626211dda54081.css?body=1&livereload=1629406417301" for ::1 at 2021-08-19 13:53:37 -0700
Started GET "/assets/application.self-265fb9145130df055006f91dff360d1c40e7b26cb984604f96626211dda54081.css?body=1&livereload=1629406421313" for ::1 at 2021-08-19 13:53:41 -0700
Started GET "/assets/application.self-265fb9145130df055006f91dff360d1c40e7b26cb984604f96626211dda54081.css?body=1&livereload=1629406421315" for ::1 at 2021-08-19 13:53:41 -0700
Started GET "/assets/application.self-265fb9145130df055006f91dff360d1c40e7b26cb984604f96626211dda54081.css?body=1&livereload=1629406439418" for ::1 at 2021-08-19 13:53:59 -0700
Started GET "/assets/application.self-265fb9145130df055006f91dff360d1c40e7b26cb984604f96626211dda54081.css?body=1&livereload=1629406439420" for ::1 at 2021-08-19 13:53:59 -0700
Started GET "/assets/application.self-265fb9145130df055006f91dff360d1c40e7b26cb984604f96626211dda54081.css?body=1&livereload=1629406442403" for ::1 at 2021-08-19 13:54:02 -0700
Started GET "/assets/application.self-265fb9145130df055006f91dff360d1c40e7b26cb984604f96626211dda54081.css?body=1&livereload=1629406442404" for ::1 at 2021-08-19 13:54:02 -0700
Started GET "/assets/application.self-265fb9145130df055006f91dff360d1c40e7b26cb984604f96626211dda54081.css?body=1&livereload=1629406444360" for ::1 at 2021-08-19 13:54:04 -0700
Started GET "/assets/application.self-265fb9145130df055006f91dff360d1c40e7b26cb984604f96626211dda54081.css?body=1&livereload=1629406444363" for ::1 at 2021-08-19 13:54:04 -0700
Started GET "/assets/application.self-265fb9145130df055006f91dff360d1c40e7b26cb984604f96626211dda54081.css?body=1&livereload=1629406447442" for ::1 at 2021-08-19 13:54:07 -0700
Started GET "/assets/application.self-265fb9145130df055006f91dff360d1c40e7b26cb984604f96626211dda54081.css?body=1&livereload=1629406447443" for ::1 at 2021-08-19 13:54:07 -0700
Started GET "/assets/application.self-265fb9145130df055006f91dff360d1c40e7b26cb984604f96626211dda54081.css?body=1&livereload=1629406449414" for ::1 at 2021-08-19 13:54:09 -0700
Started GET "/assets/application.self-265fb9145130df055006f91dff360d1c40e7b26cb984604f96626211dda54081.css?body=1&livereload=1629406449416" for ::1 at 2021-08-19 13:54:09 -0700
Started GET "/assets/application.self-265fb9145130df055006f91dff360d1c40e7b26cb984604f96626211dda54081.css?body=1&livereload=1629406454447" for ::1 at 2021-08-19 13:54:14 -0700
Started GET "/assets/application.self-265fb9145130df055006f91dff360d1c40e7b26cb984604f96626211dda54081.css?body=1&livereload=1629406454449" for ::1 at 2021-08-19 13:54:14 -0700
Started GET "/assets/application.self-265fb9145130df055006f91dff360d1c40e7b26cb984604f96626211dda54081.css?body=1&livereload=1629406456417" for ::1 at 2021-08-19 13:54:16 -0700
Started GET "/assets/application.self-265fb9145130df055006f91dff360d1c40e7b26cb984604f96626211dda54081.css?body=1&livereload=1629406456420" for ::1 at 2021-08-19 13:54:16 -0700
Started GET "/assets/application.self-265fb9145130df055006f91dff360d1c40e7b26cb984604f96626211dda54081.css?body=1&livereload=1629406462494" for ::1 at 2021-08-19 13:54:22 -0700
Started GET "/assets/application.self-265fb9145130df055006f91dff360d1c40e7b26cb984604f96626211dda54081.css?body=1&livereload=1629406462496" for ::1 at 2021-08-19 13:54:22 -0700
Started GET "/assets/application.self-265fb9145130df055006f91dff360d1c40e7b26cb984604f96626211dda54081.css?body=1&livereload=1629406464452" for ::1 at 2021-08-19 13:54:24 -0700
Started GET "/assets/application.self-265fb9145130df055006f91dff360d1c40e7b26cb984604f96626211dda54081.css?body=1&livereload=1629406464454" for ::1 at 2021-08-19 13:54:24 -0700
Started GET "/assets/application.self-265fb9145130df055006f91dff360d1c40e7b26cb984604f96626211dda54081.css?body=1&livereload=1629406469494" for ::1 at 2021-08-19 13:54:29 -0700
Started GET "/assets/application.self-265fb9145130df055006f91dff360d1c40e7b26cb984604f96626211dda54081.css?body=1&livereload=1629406469496" for ::1 at 2021-08-19 13:54:29 -0700
Started GET "/assets/application.self-265fb9145130df055006f91dff360d1c40e7b26cb984604f96626211dda54081.css?body=1&livereload=1629406483502" for ::1 at 2021-08-19 13:54:43 -0700
Started GET "/assets/application.self-265fb9145130df055006f91dff360d1c40e7b26cb984604f96626211dda54081.css?body=1&livereload=1629406483500" for ::1 at 2021-08-19 13:54:43 -0700
Started GET "/assets/application.self-265fb9145130df055006f91dff360d1c40e7b26cb984604f96626211dda54081.css?body=1&livereload=1629406488549" for ::1 at 2021-08-19 13:54:48 -0700
Started GET "/assets/application.self-265fb9145130df055006f91dff360d1c40e7b26cb984604f96626211dda54081.css?body=1&livereload=1629406488551" for ::1 at 2021-08-19 13:54:48 -0700
Started GET "/assets/application.self-265fb9145130df055006f91dff360d1c40e7b26cb984604f96626211dda54081.css?body=1&livereload=1629406497593" for ::1 at 2021-08-19 13:54:57 -0700
Started GET "/assets/application.self-265fb9145130df055006f91dff360d1c40e7b26cb984604f96626211dda54081.css?body=1&livereload=1629406497594" for ::1 at 2021-08-19 13:54:57 -0700
Started GET "/assets/application.self-265fb9145130df055006f91dff360d1c40e7b26cb984604f96626211dda54081.css?body=1&livereload=1629406501597" for ::1 at 2021-08-19 13:55:01 -0700
Started GET "/assets/application.self-265fb9145130df055006f91dff360d1c40e7b26cb984604f96626211dda54081.css?body=1&livereload=1629406501599" for ::1 at 2021-08-19 13:55:01 -0700
Started GET "/assets/application.self-265fb9145130df055006f91dff360d1c40e7b26cb984604f96626211dda54081.css?body=1&livereload=1629406502625" for ::1 at 2021-08-19 13:55:02 -0700
Started GET "/assets/application.self-265fb9145130df055006f91dff360d1c40e7b26cb984604f96626211dda54081.css?body=1&livereload=1629406502627" for ::1 at 2021-08-19 13:55:02 -0700
Started GET "/assets/application.self-265fb9145130df055006f91dff360d1c40e7b26cb984604f96626211dda54081.css?body=1&livereload=1629406505600" for ::1 at 2021-08-19 13:55:05 -0700
Started GET "/assets/application.self-265fb9145130df055006f91dff360d1c40e7b26cb984604f96626211dda54081.css?body=1&livereload=1629406505604" for ::1 at 2021-08-19 13:55:05 -0700
Started GET "/assets/application.self-265fb9145130df055006f91dff360d1c40e7b26cb984604f96626211dda54081.css?body=1&livereload=1629406513625" for ::1 at 2021-08-19 13:55:13 -0700
Started GET "/assets/application.self-265fb9145130df055006f91dff360d1c40e7b26cb984604f96626211dda54081.css?body=1&livereload=1629406513626" for ::1 at 2021-08-19 13:55:13 -0700
Started GET "/assets/application.self-265fb9145130df055006f91dff360d1c40e7b26cb984604f96626211dda54081.css?body=1&livereload=1629406514657" for ::1 at 2021-08-19 13:55:14 -0700
Started GET "/assets/application.self-265fb9145130df055006f91dff360d1c40e7b26cb984604f96626211dda54081.css?body=1&livereload=1629406514659" for ::1 at 2021-08-19 13:55:14 -0700
Started GET "/assets/application.self-265fb9145130df055006f91dff360d1c40e7b26cb984604f96626211dda54081.css?body=1&livereload=1629406516617" for ::1 at 2021-08-19 13:55:16 -0700
Started GET "/assets/application.self-265fb9145130df055006f91dff360d1c40e7b26cb984604f96626211dda54081.css?body=1&livereload=1629406516619" for ::1 at 2021-08-19 13:55:16 -0700
Started GET "/" for ::1 at 2021-08-19 14:05:48 -0700
Processing by StaticPagesController#index as HTML
  Rendering static_pages/index.html.erb within layouts/application
  Rendered shared/_main_nav.html.erb (0.7ms)
  Rendered shared/_masthead.html.erb (0.4ms)
  Rendered shared/_sections_nav.html.erb (0.6ms)
  Rendered shared/_search_modal.html.erb (0.3ms)
  Rendered shared/_main_content.html.erb (0.3ms)
  Rendered static_pages/index.html.erb within layouts/application (28.2ms)
Completed 200 OK in 182ms (Views: 176.6ms | ActiveRecord: 0.0ms)


Started GET "/assets/application.self-1f12d34139a4f6910c2fe1a1d2672924bc60a9c67d552c8c9a0753a1d13705c9.css?body=1" for ::1 at 2021-08-19 14:05:48 -0700
Started GET "/" for ::1 at 2021-08-19 14:06:22 -0700
Processing by StaticPagesController#index as HTML
  Rendering static_pages/index.html.erb within layouts/application
  Rendered shared/_main_nav.html.erb (0.7ms)
  Rendered shared/_masthead.html.erb (0.3ms)
  Rendered shared/_sections_nav.html.erb (0.3ms)
  Rendered shared/_search_modal.html.erb (0.4ms)
  Rendered shared/_main_content.html.erb (0.3ms)
  Rendered static_pages/index.html.erb within layouts/application (23.8ms)
Completed 200 OK in 73ms (Views: 67.5ms | ActiveRecord: 0.0ms)


Started GET "/" for ::1 at 2021-08-19 14:06:25 -0700
Processing by StaticPagesController#index as HTML
  Rendering static_pages/index.html.erb within layouts/application
  Rendered shared/_main_nav.html.erb (0.3ms)
  Rendered shared/_masthead.html.erb (0.3ms)
  Rendered shared/_sections_nav.html.erb (0.2ms)
  Rendered shared/_search_modal.html.erb (0.6ms)
  Rendered shared/_main_content.html.erb (0.3ms)
  Rendered static_pages/index.html.erb within layouts/application (25.0ms)
Completed 200 OK in 58ms (Views: 51.9ms | ActiveRecord: 0.0ms)


Started GET "/" for ::1 at 2021-08-19 14:06:28 -0700
Processing by StaticPagesController#index as HTML
  Rendering static_pages/index.html.erb within layouts/application
  Rendered shared/_main_nav.html.erb (0.3ms)
  Rendered shared/_masthead.html.erb (0.3ms)
  Rendered shared/_sections_nav.html.erb (0.3ms)
  Rendered shared/_search_modal.html.erb (0.3ms)
  Rendered shared/_main_content.html.erb (0.4ms)
  Rendered static_pages/index.html.erb within layouts/application (22.1ms)
Completed 200 OK in 54ms (Views: 50.2ms | ActiveRecord: 0.0ms)


Started GET "/" for ::1 at 2021-08-19 14:06:30 -0700
Processing by StaticPagesController#index as HTML
  Rendering static_pages/index.html.erb within layouts/application
  Rendered shared/_main_nav.html.erb (0.3ms)
  Rendered shared/_masthead.html.erb (0.4ms)
  Rendered shared/_sections_nav.html.erb (0.6ms)
  Rendered shared/_search_modal.html.erb (0.3ms)
  Rendered shared/_main_content.html.erb (0.2ms)
  Rendered static_pages/index.html.erb within layouts/application (26.1ms)
Completed 200 OK in 58ms (Views: 54.5ms | ActiveRecord: 0.0ms)


Started GET "/" for ::1 at 2021-08-19 14:06:34 -0700
Processing by StaticPagesController#index as HTML
  Rendering static_pages/index.html.erb within layouts/application
  Rendered shared/_main_nav.html.erb (0.3ms)
  Rendered shared/_masthead.html.erb (1.2ms)
  Rendered shared/_sections_nav.html.erb (0.9ms)
  Rendered shared/_search_modal.html.erb (0.5ms)
  Rendered shared/_main_content.html.erb (0.3ms)
  Rendered static_pages/index.html.erb within layouts/application (33.3ms)
Completed 200 OK in 84ms (Views: 74.9ms | ActiveRecord: 0.0ms)


Started GET "/" for ::1 at 2021-08-19 14:06:54 -0700
Processing by StaticPagesController#index as HTML
  Rendering static_pages/index.html.erb within layouts/application
  Rendered shared/_main_nav.html.erb (0.6ms)
  Rendered shared/_masthead.html.erb (0.4ms)
  Rendered shared/_sections_nav.html.erb (0.4ms)
  Rendered shared/_search_modal.html.erb (0.4ms)
  Rendered shared/_main_content.html.erb (0.3ms)
  Rendered static_pages/index.html.erb within layouts/application (25.2ms)
Completed 200 OK in 78ms (Views: 72.6ms | ActiveRecord: 0.0ms)


Started GET "/" for ::1 at 2021-08-19 14:06:59 -0700
Processing by StaticPagesController#index as HTML
  Rendering static_pages/index.html.erb within layouts/application
  Rendered shared/_main_nav.html.erb (0.6ms)
  Rendered shared/_masthead.html.erb (0.4ms)
  Rendered shared/_sections_nav.html.erb (1.1ms)
  Rendered shared/_search_modal.html.erb (0.3ms)
  Rendered shared/_main_content.html.erb (0.3ms)
  Rendered static_pages/index.html.erb within layouts/application (26.4ms)
Completed 200 OK in 65ms (Views: 59.1ms | ActiveRecord: 0.0ms)


Started GET "/" for ::1 at 2021-08-19 16:44:00 -0700
DEPRECATION WARNING: ActiveRecord::Base.raise_in_transactional_callbacks= is deprecated, has no effect and will be removed without replacement. (called from block (3 levels) in <class:Railtie> at /Users/mike/.rbenv/versions/2.5.1/lib/ruby/gems/2.5.0/gems/activerecord-5.0.7.2/lib/active_record/railtie.rb:113)
Processing by StaticPagesController#index as HTML
  Rendering static_pages/index.html.erb within layouts/application
  Rendered shared/_main_nav.html.erb (11.9ms)
  Rendered static_pages/index.html.erb within layouts/application (18.2ms)
Completed 500 Internal Server Error in 41ms (ActiveRecord: 0.0ms)



ActionView::MissingTemplate - Missing partial shared/__gear_dropdown with {:locale=>[:en], :formats=>[:html], :variants=>[], :handlers=>[:raw, :erb, :html, :builder, :ruby, :coffee, :jbuilder]}. Searched in:
  * "/Users/mike/Desktop/Github/aA-Classwork/Week 7/W7D4/AA Times/app/views":
  app/views/shared/_main_nav.html.erb:25:in `_app_views_shared__main_nav_html_erb__1178888760786877432_70229126340140'
  app/views/static_pages/index.html.erb:1:in `_app_views_static_pages_index_html_erb___3269811222231703047_70229154920240'

Started POST "/__better_errors/441895ae32585678/variables" for ::1 at 2021-08-19 16:44:01 -0700
Started GET "/" for ::1 at 2021-08-19 16:45:17 -0700
Processing by StaticPagesController#index as HTML
  Rendering static_pages/index.html.erb within layouts/application
  Rendered shared/_main_nav.html.erb (0.6ms)
  Rendered shared/_masthead.html.erb (0.5ms)
  Rendered shared/_sections_nav.html.erb (0.7ms)
  Rendered shared/_search_modal.html.erb (0.4ms)
  Rendered shared/_main_content.html.erb (0.6ms)
  Rendered static_pages/index.html.erb within layouts/application (33.0ms)
Completed 200 OK in 418ms (Views: 413.2ms | ActiveRecord: 0.0ms)


Started GET "/assets/application.self-ff238c0fce8d388c0561d682e0d9ffaee9aacff2fda5fe7b12ca3b0f783242c6.css?body=1" for ::1 at 2021-08-19 16:45:17 -0700
